<?xml version="1.0" encoding="UTF-8"?>
<coverage generated="1707160779087" clover="3.2.0">
  <project timestamp="1707160779087" name="All files">
    <metrics statements="78" coveredstatements="77" conditionals="34" coveredconditionals="29" methods="33" coveredmethods="33" elements="145" coveredelements="139" complexity="0" loc="78" ncloc="78" packages="2" files="8" classes="8"/>
    <package name="todo">
      <metrics statements="25" coveredstatements="25" conditionals="14" coveredconditionals="11" methods="8" coveredmethods="8"/>
      <file name="app.jsx" path="/Users/karan/Desktop/react/src/todo/app.jsx">
        <metrics statements="2" coveredstatements="2" conditionals="0" coveredconditionals="0" methods="1" coveredmethods="1"/>
        <line num="11" count="1" type="stmt"/>
        <line num="13" count="1" type="stmt"/>
      </file>
      <file name="constants.js" path="/Users/karan/Desktop/react/src/todo/constants.js">
        <metrics statements="7" coveredstatements="7" conditionals="0" coveredconditionals="0" methods="0" coveredmethods="0"/>
        <line num="1" count="6" type="stmt"/>
        <line num="2" count="6" type="stmt"/>
        <line num="3" count="6" type="stmt"/>
        <line num="4" count="6" type="stmt"/>
        <line num="5" count="6" type="stmt"/>
        <line num="6" count="6" type="stmt"/>
        <line num="7" count="6" type="stmt"/>
      </file>
      <file name="reducer.js" path="/Users/karan/Desktop/react/src/todo/reducer.js">
        <metrics statements="16" coveredstatements="16" conditionals="14" coveredconditionals="11" methods="7" coveredmethods="7"/>
        <line num="32" count="6" type="stmt"/>
        <line num="35" count="2" type="stmt"/>
        <line num="37" count="2" type="stmt"/>
        <line num="38" count="2" type="stmt"/>
        <line num="40" count="42" type="stmt"/>
        <line num="42" count="2" type="stmt"/>
        <line num="45" count="6" type="stmt"/>
        <line num="46" count="16" type="cond" truecount="7" falsecount="0"/>
        <line num="48" count="2" type="stmt"/>
        <line num="50" count="2" type="cond" truecount="1" falsecount="1"/>
        <line num="52" count="2" type="stmt"/>
        <line num="54" count="2" type="cond" truecount="1" falsecount="1"/>
        <line num="56" count="1" type="stmt"/>
        <line num="58" count="4" type="cond" truecount="1" falsecount="1"/>
        <line num="60" count="4" type="stmt"/>
        <line num="63" count="3" type="stmt"/>
      </file>
    </package>
    <package name="todo.components">
      <metrics statements="53" coveredstatements="52" conditionals="20" coveredconditionals="18" methods="25" coveredmethods="25"/>
      <file name="footer.jsx" path="/Users/karan/Desktop/react/src/todo/components/footer.jsx">
        <metrics statements="6" coveredstatements="6" conditionals="4" coveredconditionals="4" methods="4" coveredmethods="4"/>
        <line num="8" count="6" type="stmt"/>
        <line num="10" count="7" type="stmt"/>
        <line num="12" count="6" type="stmt"/>
        <line num="15" count="6" type="cond" truecount="2" falsecount="0"/>
        <line num="16" count="2" type="stmt"/>
        <line num="18" count="4" type="stmt"/>
      </file>
      <file name="header.jsx" path="/Users/karan/Desktop/react/src/todo/components/header.jsx">
        <metrics statements="2" coveredstatements="2" conditionals="0" coveredconditionals="0" methods="2" coveredmethods="2"/>
        <line num="7" count="5" type="stmt"/>
        <line num="9" count="5" type="stmt"/>
      </file>
      <file name="input.jsx" path="/Users/karan/Desktop/react/src/todo/components/input.jsx">
        <metrics statements="17" coveredstatements="17" conditionals="6" coveredconditionals="5" methods="6" coveredmethods="6"/>
        <line num="3" count="5" type="stmt"/>
        <line num="4" count="4" type="stmt"/>
        <line num="12" count="4" type="stmt"/>
        <line num="13" count="4" type="stmt"/>
        <line num="16" count="5" type="stmt"/>
        <line num="17" count="6" type="stmt"/>
        <line num="21" count="16" type="stmt"/>
        <line num="22" count="2" type="cond" truecount="1" falsecount="1"/>
        <line num="23" count="2" type="stmt"/>
        <line num="26" count="16" type="stmt"/>
        <line num="28" count="7" type="cond" truecount="2" falsecount="0"/>
        <line num="29" count="6" type="stmt"/>
        <line num="31" count="6" type="cond" truecount="2" falsecount="0"/>
        <line num="32" count="2" type="stmt"/>
        <line num="34" count="4" type="stmt"/>
        <line num="35" count="4" type="stmt"/>
        <line num="41" count="16" type="stmt"/>
      </file>
      <file name="item.jsx" path="/Users/karan/Desktop/react/src/todo/components/item.jsx">
        <metrics statements="16" coveredstatements="15" conditionals="4" coveredconditionals="3" methods="7" coveredmethods="7"/>
        <line num="8" count="4" type="stmt"/>
        <line num="9" count="23" type="stmt"/>
        <line num="10" count="23" type="stmt"/>
        <line num="12" count="23" type="stmt"/>
        <line num="13" count="23" type="stmt"/>
        <line num="14" count="23" type="stmt"/>
        <line num="16" count="23" type="stmt"/>
        <line num="17" count="4" type="stmt"/>
        <line num="20" count="23" type="stmt"/>
        <line num="21" count="1" type="stmt"/>
        <line num="24" count="23" type="stmt"/>
        <line num="26" count="1" type="cond" truecount="1" falsecount="1"/>
        <line num="27" count="0" type="stmt"/>
        <line num="29" count="1" type="stmt"/>
        <line num="31" count="1" type="stmt"/>
        <line num="36" count="23" type="stmt"/>
      </file>
      <file name="main.jsx" path="/Users/karan/Desktop/react/src/todo/components/main.jsx">
        <metrics statements="12" coveredstatements="12" conditionals="6" coveredconditionals="6" methods="6" coveredmethods="6"/>
        <line num="10" count="10" type="stmt"/>
        <line num="12" count="10" type="stmt"/>
        <line num="14" count="10" type="stmt"/>
        <line num="15" count="12" type="cond" truecount="2" falsecount="0"/>
        <line num="16" count="2" type="stmt"/>
        <line num="18" count="10" type="cond" truecount="2" falsecount="0"/>
        <line num="19" count="2" type="stmt"/>
        <line num="21" count="8" type="stmt"/>
        <line num="26" count="10" type="stmt"/>
        <line num="28" count="10" type="stmt"/>
        <line num="32" count="8" type="stmt"/>
        <line num="40" count="10" type="stmt"/>
      </file>
    </package>
  </project>
</coverage>
