{"/Users/karan/Desktop/react/src/todo/app.jsx": {"path":"/Users/karan/Desktop/react/src/todo/app.jsx","statementMap":{"0":{"start":{"line":11,"column":30},"end":{"line":11,"column":57}},"1":{"start":{"line":13,"column":4},"end":{"line":19,"column":6}}},"fnMap":{"0":{"name":"App","decl":{"start":{"line":10,"column":16},"end":{"line":10,"column":19}},"loc":{"start":{"line":10,"column":22},"end":{"line":20,"column":1}},"line":10}},"branchMap":{},"s":{"0":1,"1":1},"f":{"0":1},"b":{},"_coverageSchema":"1a1c01bbd47fc00a2c39e90264f33305004495a9","hash":"a78122c6ddfbb5c92efefa7b69167a1d70aa9423"}
,"/Users/karan/Desktop/react/src/todo/constants.js": {"path":"/Users/karan/Desktop/react/src/todo/constants.js","statementMap":{"0":{"start":{"line":1,"column":24},"end":{"line":1,"column":34}},"1":{"start":{"line":2,"column":27},"end":{"line":2,"column":40}},"2":{"start":{"line":3,"column":27},"end":{"line":3,"column":40}},"3":{"start":{"line":4,"column":27},"end":{"line":4,"column":40}},"4":{"start":{"line":5,"column":32},"end":{"line":5,"column":50}},"5":{"start":{"line":6,"column":26},"end":{"line":6,"column":38}},"6":{"start":{"line":7,"column":38},"end":{"line":7,"column":62}}},"fnMap":{},"branchMap":{},"s":{"0":6,"1":6,"2":6,"3":6,"4":6,"5":6,"6":6},"f":{},"b":{},"_coverageSchema":"1a1c01bbd47fc00a2c39e90264f33305004495a9","hash":"f5eac5b1e8f2fbf88770b13500c0213a79c27769"}
,"/Users/karan/Desktop/react/src/todo/reducer.js": {"path":"/Users/karan/Desktop/react/src/todo/reducer.js","statementMap":{"0":{"start":{"line":32,"column":18},"end":{"line":32,"column":84}},"1":{"start":{"line":35,"column":13},"end":{"line":35,"column":15}},"2":{"start":{"line":37,"column":12},"end":{"line":37,"column":16}},"3":{"start":{"line":38,"column":4},"end":{"line":41,"column":5}},"4":{"start":{"line":40,"column":8},"end":{"line":40,"column":52}},"5":{"start":{"line":42,"column":4},"end":{"line":42,"column":14}},"6":{"start":{"line":45,"column":27},"end":{"line":64,"column":1}},"7":{"start":{"line":46,"column":4},"end":{"line":61,"column":5}},"8":{"start":{"line":48,"column":12},"end":{"line":48,"column":97}},"9":{"start":{"line":50,"column":12},"end":{"line":50,"column":122}},"10":{"start":{"line":50,"column":40},"end":{"line":50,"column":119}},"11":{"start":{"line":52,"column":12},"end":{"line":52,"column":73}},"12":{"start":{"line":52,"column":42},"end":{"line":52,"column":71}},"13":{"start":{"line":54,"column":12},"end":{"line":54,"column":121}},"14":{"start":{"line":54,"column":40},"end":{"line":54,"column":118}},"15":{"start":{"line":56,"column":12},"end":{"line":56,"column":22}},"16":{"start":{"line":58,"column":12},"end":{"line":58,"column":144}},"17":{"start":{"line":58,"column":40},"end":{"line":58,"column":141}},"18":{"start":{"line":60,"column":12},"end":{"line":60,"column":59}},"19":{"start":{"line":60,"column":42},"end":{"line":60,"column":57}},"20":{"start":{"line":63,"column":4},"end":{"line":63,"column":50}}},"fnMap":{"0":{"name":"nanoid","decl":{"start":{"line":34,"column":9},"end":{"line":34,"column":15}},"loc":{"start":{"line":34,"column":27},"end":{"line":43,"column":1}},"line":34},"1":{"name":"(anonymous_1)","decl":{"start":{"line":45,"column":27},"end":{"line":45,"column":28}},"loc":{"start":{"line":45,"column":46},"end":{"line":64,"column":1}},"line":45},"2":{"name":"(anonymous_2)","decl":{"start":{"line":50,"column":29},"end":{"line":50,"column":30}},"loc":{"start":{"line":50,"column":40},"end":{"line":50,"column":119}},"line":50},"3":{"name":"(anonymous_3)","decl":{"start":{"line":52,"column":32},"end":{"line":52,"column":33}},"loc":{"start":{"line":52,"column":42},"end":{"line":52,"column":71}},"line":52},"4":{"name":"(anonymous_4)","decl":{"start":{"line":54,"column":29},"end":{"line":54,"column":30}},"loc":{"start":{"line":54,"column":40},"end":{"line":54,"column":118}},"line":54},"5":{"name":"(anonymous_5)","decl":{"start":{"line":58,"column":29},"end":{"line":58,"column":30}},"loc":{"start":{"line":58,"column":40},"end":{"line":58,"column":141}},"line":58},"6":{"name":"(anonymous_6)","decl":{"start":{"line":60,"column":32},"end":{"line":60,"column":33}},"loc":{"start":{"line":60,"column":42},"end":{"line":60,"column":57}},"line":60}},"branchMap":{"0":{"loc":{"start":{"line":34,"column":16},"end":{"line":34,"column":25}},"type":"default-arg","locations":[{"start":{"line":34,"column":23},"end":{"line":34,"column":25}}],"line":34},"1":{"loc":{"start":{"line":46,"column":4},"end":{"line":61,"column":5}},"type":"switch","locations":[{"start":{"line":47,"column":8},"end":{"line":48,"column":97}},{"start":{"line":49,"column":8},"end":{"line":50,"column":122}},{"start":{"line":51,"column":8},"end":{"line":52,"column":73}},{"start":{"line":53,"column":8},"end":{"line":54,"column":121}},{"start":{"line":55,"column":8},"end":{"line":56,"column":22}},{"start":{"line":57,"column":8},"end":{"line":58,"column":144}},{"start":{"line":59,"column":8},"end":{"line":60,"column":59}}],"line":46},"2":{"loc":{"start":{"line":50,"column":40},"end":{"line":50,"column":119}},"type":"cond-expr","locations":[{"start":{"line":50,"column":72},"end":{"line":50,"column":112}},{"start":{"line":50,"column":115},"end":{"line":50,"column":119}}],"line":50},"3":{"loc":{"start":{"line":54,"column":40},"end":{"line":54,"column":118}},"type":"cond-expr","locations":[{"start":{"line":54,"column":72},"end":{"line":54,"column":111}},{"start":{"line":54,"column":114},"end":{"line":54,"column":118}}],"line":54},"4":{"loc":{"start":{"line":58,"column":40},"end":{"line":58,"column":141}},"type":"cond-expr","locations":[{"start":{"line":58,"column":86},"end":{"line":58,"column":134}},{"start":{"line":58,"column":137},"end":{"line":58,"column":141}}],"line":58}},"s":{"0":6,"1":2,"2":2,"3":2,"4":42,"5":2,"6":6,"7":16,"8":2,"9":2,"10":2,"11":2,"12":2,"13":2,"14":2,"15":1,"16":2,"17":4,"18":2,"19":4,"20":3},"f":{"0":2,"1":16,"2":2,"3":2,"4":2,"5":4,"6":4},"b":{"0":[2],"1":[2,2,2,2,1,2,2],"2":[2,0],"3":[2,0],"4":[4,0]},"_coverageSchema":"1a1c01bbd47fc00a2c39e90264f33305004495a9","hash":"1f1499d50eb5985366cb2bde5d89cc981c9c50b5"}
,"/Users/karan/Desktop/react/src/todo/components/footer.jsx": {"path":"/Users/karan/Desktop/react/src/todo/components/footer.jsx","statementMap":{"0":{"start":{"line":8,"column":32},"end":{"line":8,"column":45}},"1":{"start":{"line":10,"column":24},"end":{"line":10,"column":87}},"2":{"start":{"line":10,"column":38},"end":{"line":10,"column":77}},"3":{"start":{"line":10,"column":61},"end":{"line":10,"column":76}},"4":{"start":{"line":12,"column":28},"end":{"line":12,"column":101}},"5":{"start":{"line":12,"column":46},"end":{"line":12,"column":88}},"6":{"start":{"line":15,"column":4},"end":{"line":16,"column":20}},"7":{"start":{"line":16,"column":8},"end":{"line":16,"column":20}},"8":{"start":{"line":18,"column":4},"end":{"line":42,"column":6}}},"fnMap":{"0":{"name":"Footer","decl":{"start":{"line":7,"column":16},"end":{"line":7,"column":22}},"loc":{"start":{"line":7,"column":44},"end":{"line":43,"column":1}},"line":7},"1":{"name":"(anonymous_1)","decl":{"start":{"line":10,"column":32},"end":{"line":10,"column":33}},"loc":{"start":{"line":10,"column":38},"end":{"line":10,"column":77}},"line":10},"2":{"name":"(anonymous_2)","decl":{"start":{"line":10,"column":51},"end":{"line":10,"column":52}},"loc":{"start":{"line":10,"column":61},"end":{"line":10,"column":76}},"line":10},"3":{"name":"(anonymous_3)","decl":{"start":{"line":12,"column":40},"end":{"line":12,"column":41}},"loc":{"start":{"line":12,"column":46},"end":{"line":12,"column":88}},"line":12}},"branchMap":{"0":{"loc":{"start":{"line":15,"column":4},"end":{"line":16,"column":20}},"type":"if","locations":[{"start":{"line":15,"column":4},"end":{"line":16,"column":20}},{"start":{},"end":{}}],"line":15},"1":{"loc":{"start":{"line":20,"column":67},"end":{"line":20,"column":110}},"type":"cond-expr","locations":[{"start":{"line":20,"column":94},"end":{"line":20,"column":100}},{"start":{"line":20,"column":103},"end":{"line":20,"column":110}}],"line":20}},"s":{"0":6,"1":6,"2":6,"3":7,"4":6,"5":1,"6":6,"7":2,"8":4},"f":{"0":6,"1":6,"2":7,"3":1},"b":{"0":[2,4],"1":[1,3]},"_coverageSchema":"1a1c01bbd47fc00a2c39e90264f33305004495a9","hash":"23c4bd1cea65ab2609eef0bab343b97c5dcb4abb"}
,"/Users/karan/Desktop/react/src/todo/components/header.jsx": {"path":"/Users/karan/Desktop/react/src/todo/components/header.jsx","statementMap":{"0":{"start":{"line":7,"column":20},"end":{"line":7,"column":104}},"1":{"start":{"line":7,"column":43},"end":{"line":7,"column":91}},"2":{"start":{"line":9,"column":4},"end":{"line":14,"column":6}}},"fnMap":{"0":{"name":"Header","decl":{"start":{"line":6,"column":16},"end":{"line":6,"column":22}},"loc":{"start":{"line":6,"column":37},"end":{"line":15,"column":1}},"line":6},"1":{"name":"(anonymous_1)","decl":{"start":{"line":7,"column":32},"end":{"line":7,"column":33}},"loc":{"start":{"line":7,"column":43},"end":{"line":7,"column":91}},"line":7}},"branchMap":{},"s":{"0":5,"1":1,"2":5},"f":{"0":5,"1":1},"b":{},"_coverageSchema":"1a1c01bbd47fc00a2c39e90264f33305004495a9","hash":"4ebcf002807dcd14f882ab7608dfbd9408044f96"}
,"/Users/karan/Desktop/react/src/todo/components/input.jsx": {"path":"/Users/karan/Desktop/react/src/todo/components/input.jsx","statementMap":{"0":{"start":{"line":3,"column":17},"end":{"line":14,"column":1}},"1":{"start":{"line":4,"column":16},"end":{"line":11,"column":5}},"2":{"start":{"line":12,"column":16},"end":{"line":12,"column":28}},"3":{"start":{"line":13,"column":4},"end":{"line":13,"column":54}},"4":{"start":{"line":13,"column":42},"end":{"line":13,"column":52}},"5":{"start":{"line":16,"column":20},"end":{"line":18,"column":1}},"6":{"start":{"line":17,"column":4},"end":{"line":17,"column":31}},"7":{"start":{"line":21,"column":23},"end":{"line":24,"column":16}},"8":{"start":{"line":22,"column":8},"end":{"line":23,"column":21}},"9":{"start":{"line":23,"column":12},"end":{"line":23,"column":21}},"10":{"start":{"line":26,"column":26},"end":{"line":39,"column":5}},"11":{"start":{"line":28,"column":12},"end":{"line":36,"column":13}},"12":{"start":{"line":29,"column":30},"end":{"line":29,"column":51}},"13":{"start":{"line":31,"column":16},"end":{"line":32,"column":27}},"14":{"start":{"line":32,"column":20},"end":{"line":32,"column":27}},"15":{"start":{"line":34,"column":16},"end":{"line":34,"column":42}},"16":{"start":{"line":35,"column":16},"end":{"line":35,"column":36}},"17":{"start":{"line":41,"column":4},"end":{"line":48,"column":6}}},"fnMap":{"0":{"name":"(anonymous_0)","decl":{"start":{"line":3,"column":17},"end":{"line":3,"column":18}},"loc":{"start":{"line":3,"column":29},"end":{"line":14,"column":1}},"line":3},"1":{"name":"(anonymous_1)","decl":{"start":{"line":13,"column":31},"end":{"line":13,"column":32}},"loc":{"start":{"line":13,"column":42},"end":{"line":13,"column":52}},"line":13},"2":{"name":"(anonymous_2)","decl":{"start":{"line":16,"column":20},"end":{"line":16,"column":21}},"loc":{"start":{"line":16,"column":36},"end":{"line":18,"column":1}},"line":16},"3":{"name":"Input","decl":{"start":{"line":20,"column":16},"end":{"line":20,"column":21}},"loc":{"start":{"line":20,"column":78},"end":{"line":49,"column":1}},"line":20},"4":{"name":"(anonymous_4)","decl":{"start":{"line":21,"column":35},"end":{"line":21,"column":36}},"loc":{"start":{"line":21,"column":41},"end":{"line":24,"column":5}},"line":21},"5":{"name":"(anonymous_5)","decl":{"start":{"line":27,"column":8},"end":{"line":27,"column":9}},"loc":{"start":{"line":27,"column":15},"end":{"line":37,"column":9}},"line":27}},"branchMap":{"0":{"loc":{"start":{"line":22,"column":8},"end":{"line":23,"column":21}},"type":"if","locations":[{"start":{"line":22,"column":8},"end":{"line":23,"column":21}},{"start":{},"end":{}}],"line":22},"1":{"loc":{"start":{"line":28,"column":12},"end":{"line":36,"column":13}},"type":"if","locations":[{"start":{"line":28,"column":12},"end":{"line":36,"column":13}},{"start":{},"end":{}}],"line":28},"2":{"loc":{"start":{"line":31,"column":16},"end":{"line":32,"column":27}},"type":"if","locations":[{"start":{"line":31,"column":16},"end":{"line":32,"column":27}},{"start":{},"end":{}}],"line":31}},"s":{"0":5,"1":4,"2":4,"3":4,"4":1,"5":5,"6":6,"7":16,"8":2,"9":2,"10":16,"11":7,"12":6,"13":6,"14":2,"15":4,"16":4,"17":16},"f":{"0":4,"1":1,"2":6,"3":16,"4":2,"5":7},"b":{"0":[2,0],"1":[6,1],"2":[2,4]},"_coverageSchema":"1a1c01bbd47fc00a2c39e90264f33305004495a9","hash":"ab3f79cee17088e955faf7bc6e83edf861f1c112"}
,"/Users/karan/Desktop/react/src/todo/components/item.jsx": {"path":"/Users/karan/Desktop/react/src/todo/components/item.jsx","statementMap":{"0":{"start":{"line":8,"column":20},"end":{"line":53,"column":2}},"1":{"start":{"line":9,"column":40},"end":{"line":9,"column":55}},"2":{"start":{"line":10,"column":37},"end":{"line":10,"column":41}},"3":{"start":{"line":12,"column":23},"end":{"line":12,"column":102}},"4":{"start":{"line":12,"column":41},"end":{"line":12,"column":89}},"5":{"start":{"line":13,"column":23},"end":{"line":13,"column":102}},"6":{"start":{"line":13,"column":41},"end":{"line":13,"column":89}},"7":{"start":{"line":14,"column":23},"end":{"line":14,"column":118}},"8":{"start":{"line":14,"column":50},"end":{"line":14,"column":105}},"9":{"start":{"line":16,"column":30},"end":{"line":18,"column":10}},"10":{"start":{"line":17,"column":8},"end":{"line":17,"column":28}},"11":{"start":{"line":20,"column":23},"end":{"line":22,"column":10}},"12":{"start":{"line":21,"column":8},"end":{"line":21,"column":29}},"13":{"start":{"line":24,"column":25},"end":{"line":34,"column":5}},"14":{"start":{"line":26,"column":12},"end":{"line":29,"column":38}},"15":{"start":{"line":27,"column":16},"end":{"line":27,"column":31}},"16":{"start":{"line":29,"column":16},"end":{"line":29,"column":38}},"17":{"start":{"line":31,"column":12},"end":{"line":31,"column":33}},"18":{"start":{"line":36,"column":4},"end":{"line":52,"column":6}}},"fnMap":{"0":{"name":"Item","decl":{"start":{"line":8,"column":34},"end":{"line":8,"column":38}},"loc":{"start":{"line":8,"column":66},"end":{"line":53,"column":1}},"line":8},"1":{"name":"(anonymous_1)","decl":{"start":{"line":12,"column":35},"end":{"line":12,"column":36}},"loc":{"start":{"line":12,"column":41},"end":{"line":12,"column":89}},"line":12},"2":{"name":"(anonymous_2)","decl":{"start":{"line":13,"column":35},"end":{"line":13,"column":36}},"loc":{"start":{"line":13,"column":41},"end":{"line":13,"column":89}},"line":13},"3":{"name":"(anonymous_3)","decl":{"start":{"line":14,"column":35},"end":{"line":14,"column":36}},"loc":{"start":{"line":14,"column":50},"end":{"line":14,"column":105}},"line":14},"4":{"name":"(anonymous_4)","decl":{"start":{"line":16,"column":42},"end":{"line":16,"column":43}},"loc":{"start":{"line":16,"column":48},"end":{"line":18,"column":5}},"line":16},"5":{"name":"(anonymous_5)","decl":{"start":{"line":20,"column":35},"end":{"line":20,"column":36}},"loc":{"start":{"line":20,"column":41},"end":{"line":22,"column":5}},"line":20},"6":{"name":"(anonymous_6)","decl":{"start":{"line":25,"column":8},"end":{"line":25,"column":9}},"loc":{"start":{"line":25,"column":19},"end":{"line":32,"column":9}},"line":25}},"branchMap":{"0":{"loc":{"start":{"line":26,"column":12},"end":{"line":29,"column":38}},"type":"if","locations":[{"start":{"line":26,"column":12},"end":{"line":29,"column":38}},{"start":{"line":29,"column":16},"end":{"line":29,"column":38}}],"line":26},"1":{"loc":{"start":{"line":39,"column":17},"end":{"line":49,"column":17}},"type":"cond-expr","locations":[{"start":{"line":40,"column":20},"end":{"line":40,"column":118}},{"start":{"line":42,"column":20},"end":{"line":48,"column":23}}],"line":39}},"s":{"0":4,"1":23,"2":23,"3":23,"4":1,"5":23,"6":1,"7":23,"8":1,"9":23,"10":4,"11":23,"12":1,"13":23,"14":1,"15":0,"16":1,"17":1,"18":23},"f":{"0":23,"1":1,"2":1,"3":1,"4":4,"5":1,"6":1},"b":{"0":[0,1],"1":[4,19]},"_coverageSchema":"1a1c01bbd47fc00a2c39e90264f33305004495a9","hash":"f3fb2e023d26d0c9a911eaa083b2ca4ae304f41e"}
,"/Users/karan/Desktop/react/src/todo/components/main.jsx": {"path":"/Users/karan/Desktop/react/src/todo/components/main.jsx","statementMap":{"0":{"start":{"line":10,"column":32},"end":{"line":10,"column":45}},"1":{"start":{"line":12,"column":25},"end":{"line":24,"column":5}},"2":{"start":{"line":14,"column":12},"end":{"line":22,"column":14}},"3":{"start":{"line":15,"column":16},"end":{"line":16,"column":43}},"4":{"start":{"line":16,"column":20},"end":{"line":16,"column":43}},"5":{"start":{"line":18,"column":16},"end":{"line":19,"column":42}},"6":{"start":{"line":19,"column":20},"end":{"line":19,"column":42}},"7":{"start":{"line":21,"column":16},"end":{"line":21,"column":28}},"8":{"start":{"line":26,"column":22},"end":{"line":26,"column":126}},"9":{"start":{"line":26,"column":41},"end":{"line":26,"column":113}},"10":{"start":{"line":28,"column":4},"end":{"line":44,"column":6}},"11":{"start":{"line":32,"column":129},"end":{"line":32,"column":143}},"12":{"start":{"line":40,"column":20},"end":{"line":40,"column":88}}},"fnMap":{"0":{"name":"Main","decl":{"start":{"line":9,"column":16},"end":{"line":9,"column":20}},"loc":{"start":{"line":9,"column":42},"end":{"line":45,"column":1}},"line":9},"1":{"name":"(anonymous_1)","decl":{"start":{"line":13,"column":8},"end":{"line":13,"column":9}},"loc":{"start":{"line":14,"column":12},"end":{"line":22,"column":14}},"line":14},"2":{"name":"(anonymous_2)","decl":{"start":{"line":14,"column":25},"end":{"line":14,"column":26}},"loc":{"start":{"line":14,"column":35},"end":{"line":22,"column":13}},"line":14},"3":{"name":"(anonymous_3)","decl":{"start":{"line":26,"column":34},"end":{"line":26,"column":35}},"loc":{"start":{"line":26,"column":41},"end":{"line":26,"column":113}},"line":26},"4":{"name":"(anonymous_4)","decl":{"start":{"line":32,"column":119},"end":{"line":32,"column":120}},"loc":{"start":{"line":32,"column":129},"end":{"line":32,"column":143}},"line":32},"5":{"name":"(anonymous_5)","decl":{"start":{"line":39,"column":34},"end":{"line":39,"column":35}},"loc":{"start":{"line":40,"column":20},"end":{"line":40,"column":88}},"line":40}},"branchMap":{"0":{"loc":{"start":{"line":15,"column":16},"end":{"line":16,"column":43}},"type":"if","locations":[{"start":{"line":15,"column":16},"end":{"line":16,"column":43}},{"start":{},"end":{}}],"line":15},"1":{"loc":{"start":{"line":18,"column":16},"end":{"line":19,"column":42}},"type":"if","locations":[{"start":{"line":18,"column":16},"end":{"line":19,"column":42}},{"start":{},"end":{}}],"line":18},"2":{"loc":{"start":{"line":30,"column":13},"end":{"line":37,"column":20}},"type":"cond-expr","locations":[{"start":{"line":31,"column":16},"end":{"line":36,"column":22}},{"start":{"line":37,"column":16},"end":{"line":37,"column":20}}],"line":30}},"s":{"0":10,"1":10,"2":10,"3":12,"4":2,"5":10,"6":2,"7":8,"8":10,"9":1,"10":10,"11":8,"12":10},"f":{"0":10,"1":10,"2":12,"3":1,"4":8,"5":10},"b":{"0":[2,10],"1":[2,8],"2":[7,3]},"_coverageSchema":"1a1c01bbd47fc00a2c39e90264f33305004495a9","hash":"d51b63b7ca52b1873112370d4f755292940509db"}
}
