TN:
SF:src/todo/app.jsx
FN:10,App
FNF:1
FNH:1
FNDA:1,App
DA:11,1
DA:13,1
LF:2
LH:2
BRF:0
BRH:0
end_of_record
TN:
SF:src/todo/constants.js
FNF:0
FNH:0
DA:1,6
DA:2,6
DA:3,6
DA:4,6
DA:5,6
DA:6,6
DA:7,6
LF:7
LH:7
BRF:0
BRH:0
end_of_record
TN:
SF:src/todo/reducer.js
FN:34,nanoid
FN:45,(anonymous_1)
FN:50,(anonymous_2)
FN:52,(anonymous_3)
FN:54,(anonymous_4)
FN:58,(anonymous_5)
FN:60,(anonymous_6)
FNF:7
FNH:7
FNDA:2,nanoid
FNDA:16,(anonymous_1)
FNDA:2,(anonymous_2)
FNDA:2,(anonymous_3)
FNDA:2,(anonymous_4)
FNDA:4,(anonymous_5)
FNDA:4,(anonymous_6)
DA:32,6
DA:35,2
DA:37,2
DA:38,2
DA:40,42
DA:42,2
DA:45,6
DA:46,16
DA:48,2
DA:50,2
DA:52,2
DA:54,2
DA:56,1
DA:58,4
DA:60,4
DA:63,3
LF:16
LH:16
BRDA:34,0,0,2
BRDA:46,1,0,2
BRDA:46,1,1,2
BRDA:46,1,2,2
BRDA:46,1,3,2
BRDA:46,1,4,1
BRDA:46,1,5,2
BRDA:46,1,6,2
BRDA:50,2,0,2
BRDA:50,2,1,0
BRDA:54,3,0,2
BRDA:54,3,1,0
BRDA:58,4,0,4
BRDA:58,4,1,0
BRF:14
BRH:11
end_of_record
TN:
SF:src/todo/components/footer.jsx
FN:7,Footer
FN:10,(anonymous_1)
FN:10,(anonymous_2)
FN:12,(anonymous_3)
FNF:4
FNH:4
FNDA:6,Footer
FNDA:6,(anonymous_1)
FNDA:7,(anonymous_2)
FNDA:1,(anonymous_3)
DA:8,6
DA:10,7
DA:12,6
DA:15,6
DA:16,2
DA:18,4
LF:6
LH:6
BRDA:15,0,0,2
BRDA:15,0,1,4
BRDA:20,1,0,1
BRDA:20,1,1,3
BRF:4
BRH:4
end_of_record
TN:
SF:src/todo/components/header.jsx
FN:6,Header
FN:7,(anonymous_1)
FNF:2
FNH:2
FNDA:5,Header
FNDA:1,(anonymous_1)
DA:7,5
DA:9,5
LF:2
LH:2
BRF:0
BRH:0
end_of_record
TN:
SF:src/todo/components/input.jsx
FN:3,(anonymous_0)
FN:13,(anonymous_1)
FN:16,(anonymous_2)
FN:20,Input
FN:21,(anonymous_4)
FN:27,(anonymous_5)
FNF:6
FNH:6
FNDA:4,(anonymous_0)
FNDA:1,(anonymous_1)
FNDA:6,(anonymous_2)
FNDA:16,Input
FNDA:2,(anonymous_4)
FNDA:7,(anonymous_5)
DA:3,5
DA:4,4
DA:12,4
DA:13,4
DA:16,5
DA:17,6
DA:21,16
DA:22,2
DA:23,2
DA:26,16
DA:28,7
DA:29,6
DA:31,6
DA:32,2
DA:34,4
DA:35,4
DA:41,16
LF:17
LH:17
BRDA:22,0,0,2
BRDA:22,0,1,0
BRDA:28,1,0,6
BRDA:28,1,1,1
BRDA:31,2,0,2
BRDA:31,2,1,4
BRF:6
BRH:5
end_of_record
TN:
SF:src/todo/components/item.jsx
FN:8,Item
FN:12,(anonymous_1)
FN:13,(anonymous_2)
FN:14,(anonymous_3)
FN:16,(anonymous_4)
FN:20,(anonymous_5)
FN:25,(anonymous_6)
FNF:7
FNH:7
FNDA:23,Item
FNDA:1,(anonymous_1)
FNDA:1,(anonymous_2)
FNDA:1,(anonymous_3)
FNDA:4,(anonymous_4)
FNDA:1,(anonymous_5)
FNDA:1,(anonymous_6)
DA:8,4
DA:9,23
DA:10,23
DA:12,23
DA:13,23
DA:14,23
DA:16,23
DA:17,4
DA:20,23
DA:21,1
DA:24,23
DA:26,1
DA:27,0
DA:29,1
DA:31,1
DA:36,23
LF:16
LH:15
BRDA:26,0,0,0
BRDA:26,0,1,1
BRDA:39,1,0,4
BRDA:39,1,1,19
BRF:4
BRH:3
end_of_record
TN:
SF:src/todo/components/main.jsx
FN:9,Main
FN:13,(anonymous_1)
FN:14,(anonymous_2)
FN:26,(anonymous_3)
FN:32,(anonymous_4)
FN:39,(anonymous_5)
FNF:6
FNH:6
FNDA:10,Main
FNDA:10,(anonymous_1)
FNDA:12,(anonymous_2)
FNDA:1,(anonymous_3)
FNDA:8,(anonymous_4)
FNDA:10,(anonymous_5)
DA:10,10
DA:12,10
DA:14,10
DA:15,12
DA:16,2
DA:18,10
DA:19,2
DA:21,8
DA:26,10
DA:28,10
DA:32,8
DA:40,10
LF:12
LH:12
BRDA:15,0,0,2
BRDA:15,0,1,10
BRDA:18,1,0,2
BRDA:18,1,1,8
BRDA:30,2,0,7
BRDA:30,2,1,3
BRF:6
BRH:6
end_of_record
